{"/home/sean/college/fyp/skill-alphavantage-fyp/lambda/src/constants.ts": {"path":"/home/sean/college/fyp/skill-alphavantage-fyp/lambda/src/constants.ts","statementMap":{"0":{"start":{"line":2,"column":0},"end":{"line":2,"column":62}},"1":{"start":{"line":3,"column":0},"end":{"line":3,"column":500}},"2":{"start":{"line":5,"column":0},"end":{"line":5,"column":34}},"3":{"start":{"line":6,"column":0},"end":{"line":6,"column":34}},"4":{"start":{"line":7,"column":0},"end":{"line":7,"column":42}},"5":{"start":{"line":8,"column":0},"end":{"line":8,"column":46}},"6":{"start":{"line":9,"column":0},"end":{"line":9,"column":69}},"7":{"start":{"line":10,"column":0},"end":{"line":10,"column":50}},"8":{"start":{"line":11,"column":0},"end":{"line":11,"column":109}},"9":{"start":{"line":12,"column":0},"end":{"line":12,"column":107}},"10":{"start":{"line":13,"column":0},"end":{"line":13,"column":149}},"11":{"start":{"line":14,"column":0},"end":{"line":14,"column":158}},"12":{"start":{"line":15,"column":0},"end":{"line":15,"column":157}},"13":{"start":{"line":16,"column":0},"end":{"line":16,"column":160}},"14":{"start":{"line":17,"column":0},"end":{"line":17,"column":200}}},"fnMap":{},"branchMap":{},"s":{"0":1,"1":1,"2":1,"3":1,"4":1,"5":1,"6":1,"7":1,"8":1,"9":1,"10":1,"11":1,"12":1,"13":1,"14":1},"f":{},"b":{},"inputSourceMap":null,"_coverageSchema":"1a1c01bbd47fc00a2c39e90264f33305004495a9","hash":"b8f923f5802839ac1b0474a5076e3152e6191169"}
,"/home/sean/college/fyp/skill-alphavantage-fyp/lambda/src/index.ts": {"path":"/home/sean/college/fyp/skill-alphavantage-fyp/lambda/src/index.ts","statementMap":{"0":{"start":{"line":2,"column":0},"end":{"line":2,"column":62}},"1":{"start":{"line":3,"column":23},"end":{"line":3,"column":46}},"2":{"start":{"line":4,"column":29},"end":{"line":4,"column":73}},"3":{"start":{"line":5,"column":20},"end":{"line":5,"column":42}},"4":{"start":{"line":6,"column":43},"end":{"line":6,"column":101}},"5":{"start":{"line":7,"column":24},"end":{"line":7,"column":55}},"6":{"start":{"line":8,"column":20},"end":{"line":8,"column":482}},"7":{"start":{"line":9,"column":22},"end":{"line":9,"column":416}},"8":{"start":{"line":13,"column":29},"end":{"line":38,"column":1}},"9":{"start":{"line":20,"column":8},"end":{"line":20,"column":72}},"10":{"start":{"line":21,"column":8},"end":{"line":21,"column":50}},"11":{"start":{"line":22,"column":8},"end":{"line":22,"column":48}},"12":{"start":{"line":23,"column":8},"end":{"line":23,"column":66}},"13":{"start":{"line":24,"column":8},"end":{"line":24,"column":100}},"14":{"start":{"line":32,"column":28},"end":{"line":32,"column":148}},"15":{"start":{"line":33,"column":8},"end":{"line":36,"column":27}},"16":{"start":{"line":42,"column":52},"end":{"line":65,"column":1}},"17":{"start":{"line":49,"column":8},"end":{"line":51,"column":56}},"18":{"start":{"line":59,"column":28},"end":{"line":59,"column":111}},"19":{"start":{"line":60,"column":8},"end":{"line":63,"column":28}},"20":{"start":{"line":69,"column":44},"end":{"line":90,"column":1}},"21":{"start":{"line":76,"column":8},"end":{"line":78,"column":48}},"22":{"start":{"line":87,"column":28},"end":{"line":87,"column":103}},"23":{"start":{"line":88,"column":8},"end":{"line":88,"column":77}},"24":{"start":{"line":94,"column":45},"end":{"line":115,"column":1}},"25":{"start":{"line":101,"column":8},"end":{"line":103,"column":49}},"26":{"start":{"line":112,"column":28},"end":{"line":112,"column":104}},"27":{"start":{"line":113,"column":8},"end":{"line":113,"column":77}},"28":{"start":{"line":119,"column":31},"end":{"line":140,"column":1}},"29":{"start":{"line":126,"column":8},"end":{"line":127,"column":99}},"30":{"start":{"line":137,"column":28},"end":{"line":137,"column":90}},"31":{"start":{"line":138,"column":8},"end":{"line":138,"column":77}},"32":{"start":{"line":144,"column":39},"end":{"line":165,"column":1}},"33":{"start":{"line":151,"column":8},"end":{"line":152,"column":107}},"34":{"start":{"line":162,"column":28},"end":{"line":162,"column":98}},"35":{"start":{"line":163,"column":8},"end":{"line":163,"column":77}},"36":{"start":{"line":169,"column":26},"end":{"line":198,"column":1}},"37":{"start":{"line":176,"column":8},"end":{"line":177,"column":101}},"38":{"start":{"line":185,"column":29},"end":{"line":191,"column":9}},"39":{"start":{"line":192,"column":28},"end":{"line":192,"column":130}},"40":{"start":{"line":193,"column":8},"end":{"line":196,"column":27}},"41":{"start":{"line":202,"column":35},"end":{"line":222,"column":1}},"42":{"start":{"line":209,"column":8},"end":{"line":211,"column":106}},"43":{"start":{"line":219,"column":28},"end":{"line":219,"column":89}},"44":{"start":{"line":220,"column":8},"end":{"line":220,"column":77}},"45":{"start":{"line":226,"column":35},"end":{"line":245,"column":1}},"46":{"start":{"line":233,"column":8},"end":{"line":233,"column":108}},"47":{"start":{"line":242,"column":8},"end":{"line":242,"column":97}},"48":{"start":{"line":243,"column":8},"end":{"line":243,"column":58}},"49":{"start":{"line":250,"column":31},"end":{"line":264,"column":1}},"50":{"start":{"line":257,"column":8},"end":{"line":257,"column":100}},"51":{"start":{"line":260,"column":27},"end":{"line":260,"column":90}},"52":{"start":{"line":261,"column":28},"end":{"line":261,"column":62}},"53":{"start":{"line":262,"column":8},"end":{"line":262,"column":77}},"54":{"start":{"line":268,"column":21},"end":{"line":287,"column":1}},"55":{"start":{"line":275,"column":8},"end":{"line":275,"column":50}},"56":{"start":{"line":276,"column":8},"end":{"line":276,"column":29}},"57":{"start":{"line":277,"column":8},"end":{"line":277,"column":20}},"58":{"start":{"line":280,"column":8},"end":{"line":280,"column":58}},"59":{"start":{"line":281,"column":28},"end":{"line":281,"column":90}},"60":{"start":{"line":282,"column":8},"end":{"line":285,"column":27}},"61":{"start":{"line":291,"column":0},"end":{"line":295,"column":14}}},"fnMap":{"0":{"name":"(anonymous_0)","decl":{"start":{"line":19,"column":4},"end":{"line":19,"column":5}},"loc":{"start":{"line":19,"column":28},"end":{"line":25,"column":5}},"line":19},"1":{"name":"(anonymous_1)","decl":{"start":{"line":31,"column":4},"end":{"line":31,"column":5}},"loc":{"start":{"line":31,"column":25},"end":{"line":37,"column":5}},"line":31},"2":{"name":"(anonymous_2)","decl":{"start":{"line":48,"column":4},"end":{"line":48,"column":5}},"loc":{"start":{"line":48,"column":28},"end":{"line":52,"column":5}},"line":48},"3":{"name":"(anonymous_3)","decl":{"start":{"line":58,"column":4},"end":{"line":58,"column":5}},"loc":{"start":{"line":58,"column":31},"end":{"line":64,"column":5}},"line":58},"4":{"name":"(anonymous_4)","decl":{"start":{"line":75,"column":4},"end":{"line":75,"column":5}},"loc":{"start":{"line":75,"column":28},"end":{"line":79,"column":5}},"line":75},"5":{"name":"(anonymous_5)","decl":{"start":{"line":86,"column":4},"end":{"line":86,"column":5}},"loc":{"start":{"line":86,"column":31},"end":{"line":89,"column":5}},"line":86},"6":{"name":"(anonymous_6)","decl":{"start":{"line":100,"column":4},"end":{"line":100,"column":5}},"loc":{"start":{"line":100,"column":28},"end":{"line":104,"column":5}},"line":100},"7":{"name":"(anonymous_7)","decl":{"start":{"line":111,"column":4},"end":{"line":111,"column":5}},"loc":{"start":{"line":111,"column":31},"end":{"line":114,"column":5}},"line":111},"8":{"name":"(anonymous_8)","decl":{"start":{"line":125,"column":4},"end":{"line":125,"column":5}},"loc":{"start":{"line":125,"column":28},"end":{"line":128,"column":5}},"line":125},"9":{"name":"(anonymous_9)","decl":{"start":{"line":136,"column":4},"end":{"line":136,"column":5}},"loc":{"start":{"line":136,"column":31},"end":{"line":139,"column":5}},"line":136},"10":{"name":"(anonymous_10)","decl":{"start":{"line":150,"column":4},"end":{"line":150,"column":5}},"loc":{"start":{"line":150,"column":28},"end":{"line":153,"column":5}},"line":150},"11":{"name":"(anonymous_11)","decl":{"start":{"line":161,"column":4},"end":{"line":161,"column":5}},"loc":{"start":{"line":161,"column":31},"end":{"line":164,"column":5}},"line":161},"12":{"name":"(anonymous_12)","decl":{"start":{"line":175,"column":4},"end":{"line":175,"column":5}},"loc":{"start":{"line":175,"column":28},"end":{"line":178,"column":5}},"line":175},"13":{"name":"(anonymous_13)","decl":{"start":{"line":184,"column":4},"end":{"line":184,"column":5}},"loc":{"start":{"line":184,"column":25},"end":{"line":197,"column":5}},"line":184},"14":{"name":"(anonymous_14)","decl":{"start":{"line":208,"column":4},"end":{"line":208,"column":5}},"loc":{"start":{"line":208,"column":28},"end":{"line":212,"column":5}},"line":208},"15":{"name":"(anonymous_15)","decl":{"start":{"line":218,"column":4},"end":{"line":218,"column":5}},"loc":{"start":{"line":218,"column":25},"end":{"line":221,"column":5}},"line":218},"16":{"name":"(anonymous_16)","decl":{"start":{"line":232,"column":4},"end":{"line":232,"column":5}},"loc":{"start":{"line":232,"column":28},"end":{"line":234,"column":5}},"line":232},"17":{"name":"(anonymous_17)","decl":{"start":{"line":240,"column":4},"end":{"line":240,"column":5}},"loc":{"start":{"line":240,"column":25},"end":{"line":244,"column":5}},"line":240},"18":{"name":"(anonymous_18)","decl":{"start":{"line":256,"column":4},"end":{"line":256,"column":5}},"loc":{"start":{"line":256,"column":28},"end":{"line":258,"column":5}},"line":256},"19":{"name":"(anonymous_19)","decl":{"start":{"line":259,"column":4},"end":{"line":259,"column":5}},"loc":{"start":{"line":259,"column":25},"end":{"line":263,"column":5}},"line":259},"20":{"name":"(anonymous_20)","decl":{"start":{"line":274,"column":4},"end":{"line":274,"column":5}},"loc":{"start":{"line":274,"column":35},"end":{"line":278,"column":5}},"line":274},"21":{"name":"(anonymous_21)","decl":{"start":{"line":279,"column":4},"end":{"line":279,"column":5}},"loc":{"start":{"line":279,"column":32},"end":{"line":286,"column":5}},"line":279}},"branchMap":{"0":{"loc":{"start":{"line":49,"column":16},"end":{"line":51,"column":54}},"type":"binary-expr","locations":[{"start":{"line":49,"column":16},"end":{"line":49,"column":100}},{"start":{"line":50,"column":12},"end":{"line":51,"column":54}}],"line":49},"1":{"loc":{"start":{"line":76,"column":16},"end":{"line":78,"column":46}},"type":"binary-expr","locations":[{"start":{"line":76,"column":16},"end":{"line":76,"column":100}},{"start":{"line":77,"column":12},"end":{"line":78,"column":46}}],"line":76},"2":{"loc":{"start":{"line":101,"column":16},"end":{"line":103,"column":47}},"type":"binary-expr","locations":[{"start":{"line":101,"column":16},"end":{"line":101,"column":100}},{"start":{"line":102,"column":12},"end":{"line":103,"column":47}}],"line":101},"3":{"loc":{"start":{"line":126,"column":16},"end":{"line":127,"column":97}},"type":"binary-expr","locations":[{"start":{"line":126,"column":16},"end":{"line":126,"column":100}},{"start":{"line":127,"column":12},"end":{"line":127,"column":97}}],"line":126},"4":{"loc":{"start":{"line":151,"column":16},"end":{"line":152,"column":105}},"type":"binary-expr","locations":[{"start":{"line":151,"column":16},"end":{"line":151,"column":100}},{"start":{"line":152,"column":12},"end":{"line":152,"column":105}}],"line":151},"5":{"loc":{"start":{"line":176,"column":16},"end":{"line":177,"column":99}},"type":"binary-expr","locations":[{"start":{"line":176,"column":16},"end":{"line":176,"column":100}},{"start":{"line":177,"column":12},"end":{"line":177,"column":99}}],"line":176},"6":{"loc":{"start":{"line":209,"column":16},"end":{"line":211,"column":104}},"type":"binary-expr","locations":[{"start":{"line":209,"column":16},"end":{"line":209,"column":100}},{"start":{"line":210,"column":13},"end":{"line":210,"column":102}},{"start":{"line":211,"column":16},"end":{"line":211,"column":103}}],"line":209}},"s":{"0":0,"1":0,"2":0,"3":0,"4":0,"5":0,"6":0,"7":0,"8":0,"9":0,"10":0,"11":0,"12":0,"13":0,"14":0,"15":0,"16":0,"17":0,"18":0,"19":0,"20":0,"21":0,"22":0,"23":0,"24":0,"25":0,"26":0,"27":0,"28":0,"29":0,"30":0,"31":0,"32":0,"33":0,"34":0,"35":0,"36":0,"37":0,"38":0,"39":0,"40":0,"41":0,"42":0,"43":0,"44":0,"45":0,"46":0,"47":0,"48":0,"49":0,"50":0,"51":0,"52":0,"53":0,"54":0,"55":0,"56":0,"57":0,"58":0,"59":0,"60":0,"61":0},"f":{"0":0,"1":0,"2":0,"3":0,"4":0,"5":0,"6":0,"7":0,"8":0,"9":0,"10":0,"11":0,"12":0,"13":0,"14":0,"15":0,"16":0,"17":0,"18":0,"19":0,"20":0,"21":0},"b":{"0":[0,0],"1":[0,0],"2":[0,0],"3":[0,0],"4":[0,0],"5":[0,0],"6":[0,0,0]},"inputSourceMap":null}
,"/home/sean/college/fyp/skill-alphavantage-fyp/lambda/src/alphavantage/AlphavantageClient.ts": {"path":"/home/sean/college/fyp/skill-alphavantage-fyp/lambda/src/alphavantage/AlphavantageClient.ts","statementMap":{"0":{"start":{"line":2,"column":22},"end":{"line":4,"column":1}},"1":{"start":{"line":3,"column":4},"end":{"line":3,"column":62}},"2":{"start":{"line":5,"column":0},"end":{"line":5,"column":62}},"3":{"start":{"line":6,"column":0},"end":{"line":6,"column":36}},"4":{"start":{"line":7,"column":16},"end":{"line":7,"column":49}},"5":{"start":{"line":15,"column":8},"end":{"line":38,"column":10}},"6":{"start":{"line":16,"column":27},"end":{"line":16,"column":29}},"7":{"start":{"line":17,"column":26},"end":{"line":17,"column":41}},"8":{"start":{"line":18,"column":12},"end":{"line":18,"column":46}},"9":{"start":{"line":19,"column":12},"end":{"line":19,"column":31}},"10":{"start":{"line":20,"column":12},"end":{"line":20,"column":26}},"11":{"start":{"line":21,"column":12},"end":{"line":21,"column":39}},"12":{"start":{"line":22,"column":12},"end":{"line":22,"column":31}},"13":{"start":{"line":23,"column":12},"end":{"line":36,"column":15}},"14":{"start":{"line":24,"column":31},"end":{"line":24,"column":46}},"15":{"start":{"line":25,"column":16},"end":{"line":25,"column":54}},"16":{"start":{"line":26,"column":16},"end":{"line":26,"column":34}},"17":{"start":{"line":27,"column":16},"end":{"line":35,"column":19}},"18":{"start":{"line":37,"column":12},"end":{"line":37,"column":26}},"19":{"start":{"line":44,"column":8},"end":{"line":58,"column":10}},"20":{"start":{"line":45,"column":26},"end":{"line":56,"column":13}},"21":{"start":{"line":57,"column":12},"end":{"line":57,"column":25}},"22":{"start":{"line":59,"column":8},"end":{"line":59,"column":31}},"23":{"start":{"line":60,"column":8},"end":{"line":60,"column":33}},"24":{"start":{"line":61,"column":8},"end":{"line":61,"column":73}},"25":{"start":{"line":62,"column":8},"end":{"line":62,"column":71}},"26":{"start":{"line":72,"column":8},"end":{"line":99,"column":11}},"27":{"start":{"line":73,"column":29},"end":{"line":73,"column":149}},"28":{"start":{"line":74,"column":12},"end":{"line":98,"column":13}},"29":{"start":{"line":75,"column":33},"end":{"line":75,"column":68}},"30":{"start":{"line":76,"column":16},"end":{"line":94,"column":17}},"31":{"start":{"line":77,"column":33},"end":{"line":77,"column":46}},"32":{"start":{"line":78,"column":20},"end":{"line":78,"column":62}},"33":{"start":{"line":79,"column":20},"end":{"line":79,"column":38}},"34":{"start":{"line":80,"column":20},"end":{"line":90,"column":23}},"35":{"start":{"line":93,"column":20},"end":{"line":93,"column":127}},"36":{"start":{"line":97,"column":16},"end":{"line":97,"column":30}},"37":{"start":{"line":107,"column":8},"end":{"line":150,"column":11}},"38":{"start":{"line":108,"column":12},"end":{"line":108,"column":67}},"39":{"start":{"line":109,"column":29},"end":{"line":109,"column":91}},"40":{"start":{"line":110,"column":12},"end":{"line":149,"column":13}},"41":{"start":{"line":111,"column":33},"end":{"line":111,"column":94}},"42":{"start":{"line":112,"column":16},"end":{"line":145,"column":17}},"43":{"start":{"line":113,"column":32},"end":{"line":113,"column":45}},"44":{"start":{"line":114,"column":20},"end":{"line":114,"column":37}},"45":{"start":{"line":115,"column":33},"end":{"line":115,"column":62}},"46":{"start":{"line":116,"column":36},"end":{"line":116,"column":47}},"47":{"start":{"line":117,"column":20},"end":{"line":117,"column":46}},"48":{"start":{"line":118,"column":20},"end":{"line":118,"column":43}},"49":{"start":{"line":119,"column":41},"end":{"line":119,"column":43}},"50":{"start":{"line":120,"column":32},"end":{"line":120,"column":33}},"51":{"start":{"line":121,"column":20},"end":{"line":136,"column":21}},"52":{"start":{"line":122,"column":36},"end":{"line":122,"column":48}},"53":{"start":{"line":123,"column":24},"end":{"line":134,"column":25}},"54":{"start":{"line":124,"column":28},"end":{"line":130,"column":29}},"55":{"start":{"line":125,"column":32},"end":{"line":125,"column":69}},"56":{"start":{"line":126,"column":32},"end":{"line":126,"column":55}},"57":{"start":{"line":129,"column":32},"end":{"line":129,"column":44}},"58":{"start":{"line":133,"column":28},"end":{"line":133,"column":34}},"59":{"start":{"line":135,"column":24},"end":{"line":135,"column":32}},"60":{"start":{"line":137,"column":20},"end":{"line":140,"column":23}},"61":{"start":{"line":143,"column":20},"end":{"line":143,"column":79}},"62":{"start":{"line":144,"column":20},"end":{"line":144,"column":111}},"63":{"start":{"line":148,"column":16},"end":{"line":148,"column":30}},"64":{"start":{"line":158,"column":8},"end":{"line":181,"column":11}},"65":{"start":{"line":159,"column":29},"end":{"line":159,"column":108}},"66":{"start":{"line":160,"column":12},"end":{"line":180,"column":13}},"67":{"start":{"line":161,"column":33},"end":{"line":161,"column":68}},"68":{"start":{"line":162,"column":16},"end":{"line":162,"column":38}},"69":{"start":{"line":163,"column":16},"end":{"line":176,"column":17}},"70":{"start":{"line":164,"column":41},"end":{"line":164,"column":70}},"71":{"start":{"line":165,"column":20},"end":{"line":165,"column":107}},"72":{"start":{"line":166,"column":20},"end":{"line":166,"column":67}},"73":{"start":{"line":167,"column":20},"end":{"line":167,"column":62}},"74":{"start":{"line":168,"column":20},"end":{"line":168,"column":48}},"75":{"start":{"line":169,"column":20},"end":{"line":169,"column":59}},"76":{"start":{"line":170,"column":34},"end":{"line":170,"column":91}},"77":{"start":{"line":171,"column":20},"end":{"line":171,"column":35}},"78":{"start":{"line":174,"column":20},"end":{"line":174,"column":150}},"79":{"start":{"line":175,"column":20},"end":{"line":175,"column":96}},"80":{"start":{"line":179,"column":16},"end":{"line":179,"column":30}},"81":{"start":{"line":189,"column":8},"end":{"line":233,"column":11}},"82":{"start":{"line":190,"column":12},"end":{"line":190,"column":51}},"83":{"start":{"line":191,"column":47},"end":{"line":191,"column":116}},"84":{"start":{"line":192,"column":12},"end":{"line":192,"column":52}},"85":{"start":{"line":193,"column":47},"end":{"line":193,"column":124}},"86":{"start":{"line":194,"column":12},"end":{"line":194,"column":52}},"87":{"start":{"line":195,"column":46},"end":{"line":195,"column":114}},"88":{"start":{"line":196,"column":12},"end":{"line":196,"column":51}},"89":{"start":{"line":197,"column":46},"end":{"line":197,"column":122}},"90":{"start":{"line":198,"column":12},"end":{"line":198,"column":51}},"91":{"start":{"line":199,"column":12},"end":{"line":199,"column":35}},"92":{"start":{"line":200,"column":12},"end":{"line":200,"column":63}},"93":{"start":{"line":201,"column":27},"end":{"line":201,"column":45}},"94":{"start":{"line":202,"column":12},"end":{"line":232,"column":13}},"95":{"start":{"line":204,"column":16},"end":{"line":207,"column":19}},"96":{"start":{"line":209,"column":17},"end":{"line":232,"column":13}},"97":{"start":{"line":210,"column":31},"end":{"line":210,"column":69}},"98":{"start":{"line":211,"column":16},"end":{"line":216,"column":17}},"99":{"start":{"line":212,"column":20},"end":{"line":215,"column":23}},"100":{"start":{"line":218,"column":17},"end":{"line":232,"column":13}},"101":{"start":{"line":219,"column":31},"end":{"line":219,"column":68}},"102":{"start":{"line":220,"column":16},"end":{"line":225,"column":17}},"103":{"start":{"line":221,"column":20},"end":{"line":224,"column":23}},"104":{"start":{"line":228,"column":16},"end":{"line":231,"column":19}},"105":{"start":{"line":236,"column":0},"end":{"line":236,"column":48}}},"fnMap":{"0":{"name":"(anonymous_0)","decl":{"start":{"line":2,"column":56},"end":{"line":2,"column":57}},"loc":{"start":{"line":2,"column":71},"end":{"line":4,"column":1}},"line":2},"1":{"name":"(anonymous_1)","decl":{"start":{"line":9,"column":4},"end":{"line":9,"column":5}},"loc":{"start":{"line":9,"column":94},"end":{"line":63,"column":5}},"line":9},"2":{"name":"(anonymous_2)","decl":{"start":{"line":15,"column":35},"end":{"line":15,"column":36}},"loc":{"start":{"line":15,"column":44},"end":{"line":38,"column":9}},"line":15},"3":{"name":"(anonymous_3)","decl":{"start":{"line":23,"column":26},"end":{"line":23,"column":27}},"loc":{"start":{"line":23,"column":36},"end":{"line":36,"column":13}},"line":23},"4":{"name":"(anonymous_4)","decl":{"start":{"line":44,"column":54},"end":{"line":44,"column":55}},"loc":{"start":{"line":44,"column":79},"end":{"line":58,"column":9}},"line":44},"5":{"name":"(anonymous_5)","decl":{"start":{"line":71,"column":4},"end":{"line":71,"column":5}},"loc":{"start":{"line":71,"column":40},"end":{"line":100,"column":5}},"line":71},"6":{"name":"(anonymous_6)","decl":{"start":{"line":72,"column":27},"end":{"line":72,"column":28}},"loc":{"start":{"line":72,"column":54},"end":{"line":99,"column":9}},"line":72},"7":{"name":"(anonymous_7)","decl":{"start":{"line":106,"column":4},"end":{"line":106,"column":5}},"loc":{"start":{"line":106,"column":49},"end":{"line":151,"column":5}},"line":106},"8":{"name":"(anonymous_8)","decl":{"start":{"line":107,"column":27},"end":{"line":107,"column":28}},"loc":{"start":{"line":107,"column":54},"end":{"line":150,"column":9}},"line":107},"9":{"name":"(anonymous_9)","decl":{"start":{"line":157,"column":4},"end":{"line":157,"column":5}},"loc":{"start":{"line":157,"column":42},"end":{"line":182,"column":5}},"line":157},"10":{"name":"(anonymous_10)","decl":{"start":{"line":158,"column":27},"end":{"line":158,"column":28}},"loc":{"start":{"line":158,"column":54},"end":{"line":181,"column":9}},"line":158},"11":{"name":"(anonymous_11)","decl":{"start":{"line":188,"column":4},"end":{"line":188,"column":5}},"loc":{"start":{"line":188,"column":33},"end":{"line":234,"column":5}},"line":188},"12":{"name":"(anonymous_12)","decl":{"start":{"line":189,"column":27},"end":{"line":189,"column":28}},"loc":{"start":{"line":189,"column":55},"end":{"line":233,"column":9}},"line":189}},"branchMap":{"0":{"loc":{"start":{"line":2,"column":22},"end":{"line":4,"column":1}},"type":"binary-expr","locations":[{"start":{"line":2,"column":23},"end":{"line":2,"column":27}},{"start":{"line":2,"column":31},"end":{"line":2,"column":51}},{"start":{"line":2,"column":56},"end":{"line":4,"column":1}}],"line":2},"1":{"loc":{"start":{"line":3,"column":11},"end":{"line":3,"column":61}},"type":"cond-expr","locations":[{"start":{"line":3,"column":37},"end":{"line":3,"column":40}},{"start":{"line":3,"column":43},"end":{"line":3,"column":61}}],"line":3},"2":{"loc":{"start":{"line":3,"column":12},"end":{"line":3,"column":33}},"type":"binary-expr","locations":[{"start":{"line":3,"column":12},"end":{"line":3,"column":15}},{"start":{"line":3,"column":19},"end":{"line":3,"column":33}}],"line":3},"3":{"loc":{"start":{"line":76,"column":16},"end":{"line":94,"column":17}},"type":"if","locations":[{"start":{"line":76,"column":16},"end":{"line":94,"column":17}},{"start":{"line":92,"column":21},"end":{"line":94,"column":17}}],"line":76},"4":{"loc":{"start":{"line":112,"column":16},"end":{"line":145,"column":17}},"type":"if","locations":[{"start":{"line":112,"column":16},"end":{"line":145,"column":17}},{"start":{"line":142,"column":21},"end":{"line":145,"column":17}}],"line":112},"5":{"loc":{"start":{"line":121,"column":27},"end":{"line":121,"column":62}},"type":"binary-expr","locations":[{"start":{"line":121,"column":27},"end":{"line":121,"column":44}},{"start":{"line":121,"column":48},"end":{"line":121,"column":62}}],"line":121},"6":{"loc":{"start":{"line":123,"column":24},"end":{"line":134,"column":25}},"type":"if","locations":[{"start":{"line":123,"column":24},"end":{"line":134,"column":25}},{"start":{"line":132,"column":29},"end":{"line":134,"column":25}}],"line":123},"7":{"loc":{"start":{"line":124,"column":28},"end":{"line":130,"column":29}},"type":"if","locations":[{"start":{"line":124,"column":28},"end":{"line":130,"column":29}},{"start":{"line":128,"column":33},"end":{"line":130,"column":29}}],"line":124},"8":{"loc":{"start":{"line":163,"column":16},"end":{"line":176,"column":17}},"type":"if","locations":[{"start":{"line":163,"column":16},"end":{"line":176,"column":17}},{"start":{"line":173,"column":21},"end":{"line":176,"column":17}}],"line":163},"9":{"loc":{"start":{"line":202,"column":12},"end":{"line":232,"column":13}},"type":"if","locations":[{"start":{"line":202,"column":12},"end":{"line":232,"column":13}},{"start":{"line":209,"column":17},"end":{"line":232,"column":13}}],"line":202},"10":{"loc":{"start":{"line":202,"column":16},"end":{"line":203,"column":53}},"type":"binary-expr","locations":[{"start":{"line":202,"column":16},"end":{"line":202,"column":54}},{"start":{"line":203,"column":16},"end":{"line":203,"column":53}}],"line":202},"11":{"loc":{"start":{"line":209,"column":17},"end":{"line":232,"column":13}},"type":"if","locations":[{"start":{"line":209,"column":17},"end":{"line":232,"column":13}},{"start":{"line":218,"column":17},"end":{"line":232,"column":13}}],"line":209},"12":{"loc":{"start":{"line":211,"column":16},"end":{"line":216,"column":17}},"type":"if","locations":[{"start":{"line":211,"column":16},"end":{"line":216,"column":17}},{"start":{},"end":{}}],"line":211},"13":{"loc":{"start":{"line":218,"column":17},"end":{"line":232,"column":13}},"type":"if","locations":[{"start":{"line":218,"column":17},"end":{"line":232,"column":13}},{"start":{"line":227,"column":17},"end":{"line":232,"column":13}}],"line":218},"14":{"loc":{"start":{"line":220,"column":16},"end":{"line":225,"column":17}},"type":"if","locations":[{"start":{"line":220,"column":16},"end":{"line":225,"column":17}},{"start":{},"end":{}}],"line":220}},"s":{"0":1,"1":1,"2":1,"3":1,"4":1,"5":10,"6":0,"7":0,"8":0,"9":0,"10":0,"11":0,"12":0,"13":0,"14":0,"15":0,"16":0,"17":0,"18":0,"19":10,"20":1,"21":1,"22":10,"23":10,"24":10,"25":10,"26":2,"27":2,"28":2,"29":2,"30":1,"31":1,"32":1,"33":1,"34":1,"35":0,"36":1,"37":1,"38":1,"39":1,"40":1,"41":1,"42":0,"43":0,"44":0,"45":0,"46":0,"47":0,"48":0,"49":0,"50":0,"51":0,"52":0,"53":0,"54":0,"55":0,"56":0,"57":0,"58":0,"59":0,"60":0,"61":0,"62":0,"63":1,"64":2,"65":2,"66":2,"67":2,"68":1,"69":1,"70":1,"71":1,"72":1,"73":1,"74":1,"75":1,"76":1,"77":1,"78":0,"79":0,"80":1,"81":5,"82":5,"83":5,"84":5,"85":5,"86":5,"87":5,"88":5,"89":5,"90":5,"91":5,"92":5,"93":5,"94":5,"95":2,"96":3,"97":0,"98":0,"99":0,"100":3,"101":0,"102":0,"103":0,"104":3,"105":1},"f":{"0":1,"1":10,"2":0,"3":0,"4":1,"5":2,"6":2,"7":1,"8":1,"9":2,"10":2,"11":5,"12":5},"b":{"0":[1,1,1],"1":[0,1],"2":[1,1],"3":[1,0],"4":[0,0],"5":[0,0],"6":[0,0],"7":[0,0],"8":[1,0],"9":[2,3],"10":[5,4],"11":[0,3],"12":[0,0],"13":[0,3],"14":[0,0]},"inputSourceMap":null,"_coverageSchema":"1a1c01bbd47fc00a2c39e90264f33305004495a9","hash":"d68ad1b421b94296961cdaa718ab4e8c0b5090d8"}
,"/home/sean/college/fyp/skill-alphavantage-fyp/lambda/src/alphavantage/AlphavantageCurrencyListProvider.ts": {"path":"/home/sean/college/fyp/skill-alphavantage-fyp/lambda/src/alphavantage/AlphavantageCurrencyListProvider.ts","statementMap":{"0":{"start":{"line":2,"column":22},"end":{"line":4,"column":1}},"1":{"start":{"line":3,"column":4},"end":{"line":3,"column":62}},"2":{"start":{"line":5,"column":0},"end":{"line":5,"column":62}},"3":{"start":{"line":6,"column":0},"end":{"line":6,"column":50}},"4":{"start":{"line":7,"column":16},"end":{"line":7,"column":49}},"5":{"start":{"line":10,"column":8},"end":{"line":10,"column":33}},"6":{"start":{"line":11,"column":8},"end":{"line":11,"column":43}},"7":{"start":{"line":12,"column":8},"end":{"line":12,"column":35}},"8":{"start":{"line":19,"column":8},"end":{"line":19,"column":34}},"9":{"start":{"line":26,"column":8},"end":{"line":39,"column":11}},"10":{"start":{"line":27,"column":12},"end":{"line":38,"column":13}},"11":{"start":{"line":28,"column":16},"end":{"line":28,"column":48}},"12":{"start":{"line":29,"column":16},"end":{"line":34,"column":17}},"13":{"start":{"line":30,"column":20},"end":{"line":30,"column":55}},"14":{"start":{"line":33,"column":20},"end":{"line":33,"column":74}},"15":{"start":{"line":37,"column":16},"end":{"line":37,"column":51}},"16":{"start":{"line":46,"column":8},"end":{"line":67,"column":11}},"17":{"start":{"line":47,"column":12},"end":{"line":66,"column":13}},"18":{"start":{"line":48,"column":16},"end":{"line":48,"column":48}},"19":{"start":{"line":49,"column":16},"end":{"line":58,"column":17}},"20":{"start":{"line":50,"column":35},"end":{"line":50,"column":44}},"21":{"start":{"line":51,"column":20},"end":{"line":53,"column":23}},"22":{"start":{"line":52,"column":24},"end":{"line":52,"column":47}},"23":{"start":{"line":54,"column":20},"end":{"line":54,"column":36}},"24":{"start":{"line":57,"column":20},"end":{"line":57,"column":74}},"25":{"start":{"line":61,"column":31},"end":{"line":61,"column":40}},"26":{"start":{"line":62,"column":16},"end":{"line":64,"column":19}},"27":{"start":{"line":63,"column":20},"end":{"line":63,"column":43}},"28":{"start":{"line":65,"column":16},"end":{"line":65,"column":32}},"29":{"start":{"line":73,"column":8},"end":{"line":73,"column":30}},"30":{"start":{"line":74,"column":8},"end":{"line":74,"column":25}},"31":{"start":{"line":80,"column":35},"end":{"line":80,"column":44}},"32":{"start":{"line":81,"column":8},"end":{"line":98,"column":9}},"33":{"start":{"line":82,"column":12},"end":{"line":82,"column":54}},"34":{"start":{"line":85,"column":24},"end":{"line":85,"column":32}},"35":{"start":{"line":86,"column":26},"end":{"line":86,"column":41}},"36":{"start":{"line":87,"column":12},"end":{"line":87,"column":26}},"37":{"start":{"line":88,"column":12},"end":{"line":97,"column":15}},"38":{"start":{"line":89,"column":52},"end":{"line":89,"column":67}},"39":{"start":{"line":90,"column":16},"end":{"line":96,"column":17}},"40":{"start":{"line":92,"column":20},"end":{"line":95,"column":21}},"41":{"start":{"line":94,"column":24},"end":{"line":94,"column":155}},"42":{"start":{"line":99,"column":8},"end":{"line":99,"column":57}},"43":{"start":{"line":105,"column":25},"end":{"line":105,"column":91}},"44":{"start":{"line":106,"column":8},"end":{"line":113,"column":9}},"45":{"start":{"line":107,"column":24},"end":{"line":107,"column":37}},"46":{"start":{"line":108,"column":12},"end":{"line":108,"column":27}},"47":{"start":{"line":109,"column":12},"end":{"line":109,"column":38}},"48":{"start":{"line":112,"column":12},"end":{"line":112,"column":39}},"49":{"start":{"line":116,"column":0},"end":{"line":116,"column":76}}},"fnMap":{"0":{"name":"(anonymous_0)","decl":{"start":{"line":2,"column":56},"end":{"line":2,"column":57}},"loc":{"start":{"line":2,"column":71},"end":{"line":4,"column":1}},"line":2},"1":{"name":"(anonymous_1)","decl":{"start":{"line":9,"column":4},"end":{"line":9,"column":5}},"loc":{"start":{"line":9,"column":41},"end":{"line":13,"column":5}},"line":9},"2":{"name":"(anonymous_2)","decl":{"start":{"line":18,"column":4},"end":{"line":18,"column":5}},"loc":{"start":{"line":18,"column":22},"end":{"line":20,"column":5}},"line":18},"3":{"name":"(anonymous_3)","decl":{"start":{"line":25,"column":4},"end":{"line":25,"column":5}},"loc":{"start":{"line":25,"column":40},"end":{"line":40,"column":5}},"line":25},"4":{"name":"(anonymous_4)","decl":{"start":{"line":26,"column":27},"end":{"line":26,"column":28}},"loc":{"start":{"line":26,"column":54},"end":{"line":39,"column":9}},"line":26},"5":{"name":"(anonymous_5)","decl":{"start":{"line":45,"column":4},"end":{"line":45,"column":5}},"loc":{"start":{"line":45,"column":48},"end":{"line":68,"column":5}},"line":45},"6":{"name":"(anonymous_6)","decl":{"start":{"line":46,"column":27},"end":{"line":46,"column":28}},"loc":{"start":{"line":46,"column":54},"end":{"line":67,"column":9}},"line":46},"7":{"name":"(anonymous_7)","decl":{"start":{"line":51,"column":54},"end":{"line":51,"column":55}},"loc":{"start":{"line":51,"column":70},"end":{"line":53,"column":21}},"line":51},"8":{"name":"(anonymous_8)","decl":{"start":{"line":62,"column":50},"end":{"line":62,"column":51}},"loc":{"start":{"line":62,"column":66},"end":{"line":64,"column":17}},"line":62},"9":{"name":"(anonymous_9)","decl":{"start":{"line":72,"column":4},"end":{"line":72,"column":5}},"loc":{"start":{"line":72,"column":31},"end":{"line":75,"column":5}},"line":72},"10":{"name":"(anonymous_10)","decl":{"start":{"line":79,"column":4},"end":{"line":79,"column":5}},"loc":{"start":{"line":79,"column":16},"end":{"line":100,"column":5}},"line":79},"11":{"name":"(anonymous_11)","decl":{"start":{"line":88,"column":26},"end":{"line":88,"column":27}},"loc":{"start":{"line":88,"column":36},"end":{"line":97,"column":13}},"line":88},"12":{"name":"(anonymous_12)","decl":{"start":{"line":104,"column":4},"end":{"line":104,"column":5}},"loc":{"start":{"line":104,"column":21},"end":{"line":114,"column":5}},"line":104}},"branchMap":{"0":{"loc":{"start":{"line":2,"column":22},"end":{"line":4,"column":1}},"type":"binary-expr","locations":[{"start":{"line":2,"column":23},"end":{"line":2,"column":27}},{"start":{"line":2,"column":31},"end":{"line":2,"column":51}},{"start":{"line":2,"column":56},"end":{"line":4,"column":1}}],"line":2},"1":{"loc":{"start":{"line":3,"column":11},"end":{"line":3,"column":61}},"type":"cond-expr","locations":[{"start":{"line":3,"column":37},"end":{"line":3,"column":40}},{"start":{"line":3,"column":43},"end":{"line":3,"column":61}}],"line":3},"2":{"loc":{"start":{"line":3,"column":12},"end":{"line":3,"column":33}},"type":"binary-expr","locations":[{"start":{"line":3,"column":12},"end":{"line":3,"column":15}},{"start":{"line":3,"column":19},"end":{"line":3,"column":33}}],"line":3},"3":{"loc":{"start":{"line":27,"column":12},"end":{"line":38,"column":13}},"type":"if","locations":[{"start":{"line":27,"column":12},"end":{"line":38,"column":13}},{"start":{"line":36,"column":17},"end":{"line":38,"column":13}}],"line":27},"4":{"loc":{"start":{"line":29,"column":16},"end":{"line":34,"column":17}},"type":"if","locations":[{"start":{"line":29,"column":16},"end":{"line":34,"column":17}},{"start":{"line":32,"column":21},"end":{"line":34,"column":17}}],"line":29},"5":{"loc":{"start":{"line":47,"column":12},"end":{"line":66,"column":13}},"type":"if","locations":[{"start":{"line":47,"column":12},"end":{"line":66,"column":13}},{"start":{"line":60,"column":17},"end":{"line":66,"column":13}}],"line":47},"6":{"loc":{"start":{"line":49,"column":16},"end":{"line":58,"column":17}},"type":"if","locations":[{"start":{"line":49,"column":16},"end":{"line":58,"column":17}},{"start":{"line":56,"column":21},"end":{"line":58,"column":17}}],"line":49},"7":{"loc":{"start":{"line":81,"column":8},"end":{"line":98,"column":9}},"type":"if","locations":[{"start":{"line":81,"column":8},"end":{"line":98,"column":9}},{"start":{"line":84,"column":13},"end":{"line":98,"column":9}}],"line":81},"8":{"loc":{"start":{"line":90,"column":16},"end":{"line":96,"column":17}},"type":"if","locations":[{"start":{"line":90,"column":16},"end":{"line":96,"column":17}},{"start":{},"end":{}}],"line":90},"9":{"loc":{"start":{"line":90,"column":20},"end":{"line":91,"column":64}},"type":"binary-expr","locations":[{"start":{"line":90,"column":20},"end":{"line":90,"column":64}},{"start":{"line":91,"column":20},"end":{"line":91,"column":64}}],"line":90},"10":{"loc":{"start":{"line":92,"column":20},"end":{"line":95,"column":21}},"type":"if","locations":[{"start":{"line":92,"column":20},"end":{"line":95,"column":21}},{"start":{},"end":{}}],"line":92},"11":{"loc":{"start":{"line":92,"column":24},"end":{"line":93,"column":65}},"type":"binary-expr","locations":[{"start":{"line":92,"column":24},"end":{"line":92,"column":65}},{"start":{"line":93,"column":24},"end":{"line":93,"column":65}}],"line":92},"12":{"loc":{"start":{"line":106,"column":8},"end":{"line":113,"column":9}},"type":"if","locations":[{"start":{"line":106,"column":8},"end":{"line":113,"column":9}},{"start":{"line":111,"column":13},"end":{"line":113,"column":9}}],"line":106}},"s":{"0":1,"1":1,"2":1,"3":1,"4":1,"5":1,"6":1,"7":1,"8":0,"9":0,"10":0,"11":0,"12":0,"13":0,"14":0,"15":0,"16":0,"17":0,"18":0,"19":0,"20":0,"21":0,"22":0,"23":0,"24":0,"25":0,"26":0,"27":0,"28":0,"29":0,"30":0,"31":0,"32":0,"33":0,"34":0,"35":0,"36":0,"37":0,"38":0,"39":0,"40":0,"41":0,"42":0,"43":0,"44":0,"45":0,"46":0,"47":0,"48":0,"49":1},"f":{"0":1,"1":1,"2":0,"3":0,"4":0,"5":0,"6":0,"7":0,"8":0,"9":0,"10":0,"11":0,"12":0},"b":{"0":[1,1,1],"1":[0,1],"2":[1,1],"3":[0,0],"4":[0,0],"5":[0,0],"6":[0,0],"7":[0,0],"8":[0,0],"9":[0,0],"10":[0,0],"11":[0,0],"12":[0,0]},"inputSourceMap":null,"_coverageSchema":"1a1c01bbd47fc00a2c39e90264f33305004495a9","hash":"419309a503afbaeafe29d9ef90508ab6697da64e"}
,"/home/sean/college/fyp/skill-alphavantage-fyp/lambda/src/util/SpeechFactory.ts": {"path":"/home/sean/college/fyp/skill-alphavantage-fyp/lambda/src/util/SpeechFactory.ts","statementMap":{"0":{"start":{"line":2,"column":0},"end":{"line":2,"column":62}},"1":{"start":{"line":3,"column":0},"end":{"line":3,"column":31}},"2":{"start":{"line":4,"column":23},"end":{"line":4,"column":46}},"3":{"start":{"line":5,"column":20},"end":{"line":5,"column":43}},"4":{"start":{"line":8,"column":8},"end":{"line":8,"column":39}},"5":{"start":{"line":9,"column":8},"end":{"line":9,"column":71}},"6":{"start":{"line":10,"column":8},"end":{"line":10,"column":73}},"7":{"start":{"line":13,"column":8},"end":{"line":25,"column":11}},"8":{"start":{"line":14,"column":12},"end":{"line":24,"column":13}},"9":{"start":{"line":15,"column":40},"end":{"line":15,"column":68}},"10":{"start":{"line":16,"column":35},"end":{"line":16,"column":112}},"11":{"start":{"line":17,"column":30},"end":{"line":17,"column":88}},"12":{"start":{"line":18,"column":36},"end":{"line":18,"column":286}},"13":{"start":{"line":19,"column":16},"end":{"line":19,"column":37}},"14":{"start":{"line":22,"column":16},"end":{"line":22,"column":51}},"15":{"start":{"line":23,"column":16},"end":{"line":23,"column":94}},"16":{"start":{"line":28,"column":8},"end":{"line":56,"column":11}},"17":{"start":{"line":29,"column":12},"end":{"line":55,"column":13}},"18":{"start":{"line":30,"column":40},"end":{"line":30,"column":68}},"19":{"start":{"line":31,"column":35},"end":{"line":31,"column":120}},"20":{"start":{"line":32,"column":45},"end":{"line":32,"column":113}},"21":{"start":{"line":33,"column":29},"end":{"line":33,"column":68}},"22":{"start":{"line":34,"column":59},"end":{"line":34,"column":68}},"23":{"start":{"line":35,"column":16},"end":{"line":42,"column":17}},"24":{"start":{"line":35,"column":29},"end":{"line":35,"column":30}},"25":{"start":{"line":36,"column":40},"end":{"line":36,"column":85}},"26":{"start":{"line":37,"column":32},"end":{"line":37,"column":49}},"27":{"start":{"line":38,"column":34},"end":{"line":38,"column":63}},"28":{"start":{"line":39,"column":20},"end":{"line":41,"column":21}},"29":{"start":{"line":40,"column":24},"end":{"line":40,"column":75}},"30":{"start":{"line":43,"column":32},"end":{"line":43,"column":34}},"31":{"start":{"line":44,"column":28},"end":{"line":44,"column":29}},"32":{"start":{"line":45,"column":16},"end":{"line":48,"column":19}},"33":{"start":{"line":46,"column":20},"end":{"line":46,"column":80}},"34":{"start":{"line":47,"column":20},"end":{"line":47,"column":28}},"35":{"start":{"line":49,"column":36},"end":{"line":49,"column":138}},"36":{"start":{"line":50,"column":16},"end":{"line":50,"column":37}},"37":{"start":{"line":53,"column":16},"end":{"line":53,"column":51}},"38":{"start":{"line":54,"column":16},"end":{"line":54,"column":99}},"39":{"start":{"line":59,"column":8},"end":{"line":87,"column":11}},"40":{"start":{"line":60,"column":12},"end":{"line":86,"column":13}},"41":{"start":{"line":61,"column":40},"end":{"line":61,"column":68}},"42":{"start":{"line":62,"column":35},"end":{"line":62,"column":120}},"43":{"start":{"line":63,"column":46},"end":{"line":63,"column":115}},"44":{"start":{"line":64,"column":29},"end":{"line":64,"column":69}},"45":{"start":{"line":65,"column":59},"end":{"line":65,"column":68}},"46":{"start":{"line":66,"column":16},"end":{"line":73,"column":17}},"47":{"start":{"line":66,"column":29},"end":{"line":66,"column":30}},"48":{"start":{"line":67,"column":40},"end":{"line":67,"column":85}},"49":{"start":{"line":68,"column":32},"end":{"line":68,"column":49}},"50":{"start":{"line":69,"column":34},"end":{"line":69,"column":64}},"51":{"start":{"line":70,"column":20},"end":{"line":72,"column":21}},"52":{"start":{"line":71,"column":24},"end":{"line":71,"column":75}},"53":{"start":{"line":74,"column":32},"end":{"line":74,"column":34}},"54":{"start":{"line":75,"column":28},"end":{"line":75,"column":29}},"55":{"start":{"line":76,"column":16},"end":{"line":79,"column":19}},"56":{"start":{"line":77,"column":20},"end":{"line":77,"column":80}},"57":{"start":{"line":78,"column":20},"end":{"line":78,"column":28}},"58":{"start":{"line":80,"column":36},"end":{"line":80,"column":139}},"59":{"start":{"line":81,"column":16},"end":{"line":81,"column":37}},"60":{"start":{"line":84,"column":16},"end":{"line":84,"column":51}},"61":{"start":{"line":85,"column":16},"end":{"line":85,"column":100}},"62":{"start":{"line":90,"column":8},"end":{"line":109,"column":11}},"63":{"start":{"line":91,"column":12},"end":{"line":108,"column":13}},"64":{"start":{"line":92,"column":40},"end":{"line":92,"column":68}},"65":{"start":{"line":93,"column":35},"end":{"line":93,"column":120}},"66":{"start":{"line":94,"column":16},"end":{"line":94,"column":40}},"67":{"start":{"line":95,"column":45},"end":{"line":95,"column":110}},"68":{"start":{"line":96,"column":32},"end":{"line":96,"column":34}},"69":{"start":{"line":97,"column":28},"end":{"line":97,"column":29}},"70":{"start":{"line":98,"column":16},"end":{"line":101,"column":19}},"71":{"start":{"line":99,"column":20},"end":{"line":99,"column":264}},"72":{"start":{"line":100,"column":20},"end":{"line":100,"column":28}},"73":{"start":{"line":102,"column":36},"end":{"line":102,"column":217}},"74":{"start":{"line":103,"column":16},"end":{"line":103,"column":37}},"75":{"start":{"line":106,"column":16},"end":{"line":106,"column":51}},"76":{"start":{"line":107,"column":16},"end":{"line":107,"column":94}},"77":{"start":{"line":112,"column":8},"end":{"line":144,"column":11}},"78":{"start":{"line":113,"column":12},"end":{"line":143,"column":13}},"79":{"start":{"line":114,"column":40},"end":{"line":114,"column":68}},"80":{"start":{"line":115,"column":34},"end":{"line":115,"column":36}},"81":{"start":{"line":116,"column":16},"end":{"line":116,"column":45}},"82":{"start":{"line":117,"column":41},"end":{"line":117,"column":124}},"83":{"start":{"line":118,"column":39},"end":{"line":118,"column":120}},"84":{"start":{"line":119,"column":16},"end":{"line":119,"column":83}},"85":{"start":{"line":120,"column":39},"end":{"line":120,"column":96}},"86":{"start":{"line":121,"column":37},"end":{"line":121,"column":92}},"87":{"start":{"line":122,"column":16},"end":{"line":122,"column":107}},"88":{"start":{"line":123,"column":16},"end":{"line":137,"column":17}},"89":{"start":{"line":124,"column":41},"end":{"line":124,"column":137}},"90":{"start":{"line":125,"column":20},"end":{"line":125,"column":46}},"91":{"start":{"line":126,"column":20},"end":{"line":126,"column":339}},"92":{"start":{"line":129,"column":46},"end":{"line":129,"column":48}},"93":{"start":{"line":130,"column":20},"end":{"line":132,"column":21}},"94":{"start":{"line":131,"column":24},"end":{"line":131,"column":65}},"95":{"start":{"line":133,"column":20},"end":{"line":135,"column":21}},"96":{"start":{"line":134,"column":24},"end":{"line":134,"column":63}},"97":{"start":{"line":136,"column":20},"end":{"line":136,"column":246}},"98":{"start":{"line":138,"column":16},"end":{"line":138,"column":37}},"99":{"start":{"line":141,"column":16},"end":{"line":141,"column":51}},"100":{"start":{"line":142,"column":16},"end":{"line":142,"column":72}},"101":{"start":{"line":147,"column":0},"end":{"line":147,"column":38}}},"fnMap":{"0":{"name":"(anonymous_0)","decl":{"start":{"line":7,"column":4},"end":{"line":7,"column":5}},"loc":{"start":{"line":7,"column":88},"end":{"line":11,"column":5}},"line":7},"1":{"name":"(anonymous_1)","decl":{"start":{"line":12,"column":4},"end":{"line":12,"column":5}},"loc":{"start":{"line":12,"column":74},"end":{"line":26,"column":5}},"line":12},"2":{"name":"(anonymous_2)","decl":{"start":{"line":13,"column":27},"end":{"line":13,"column":28}},"loc":{"start":{"line":13,"column":55},"end":{"line":25,"column":9}},"line":13},"3":{"name":"(anonymous_3)","decl":{"start":{"line":27,"column":4},"end":{"line":27,"column":5}},"loc":{"start":{"line":27,"column":66},"end":{"line":57,"column":5}},"line":27},"4":{"name":"(anonymous_4)","decl":{"start":{"line":28,"column":27},"end":{"line":28,"column":28}},"loc":{"start":{"line":28,"column":46},"end":{"line":56,"column":9}},"line":28},"5":{"name":"(anonymous_5)","decl":{"start":{"line":45,"column":59},"end":{"line":45,"column":60}},"loc":{"start":{"line":45,"column":75},"end":{"line":48,"column":17}},"line":45},"6":{"name":"(anonymous_6)","decl":{"start":{"line":58,"column":4},"end":{"line":58,"column":5}},"loc":{"start":{"line":58,"column":67},"end":{"line":88,"column":5}},"line":58},"7":{"name":"(anonymous_7)","decl":{"start":{"line":59,"column":27},"end":{"line":59,"column":28}},"loc":{"start":{"line":59,"column":46},"end":{"line":87,"column":9}},"line":59},"8":{"name":"(anonymous_8)","decl":{"start":{"line":76,"column":59},"end":{"line":76,"column":60}},"loc":{"start":{"line":76,"column":75},"end":{"line":79,"column":17}},"line":76},"9":{"name":"(anonymous_9)","decl":{"start":{"line":89,"column":4},"end":{"line":89,"column":5}},"loc":{"start":{"line":89,"column":53},"end":{"line":110,"column":5}},"line":89},"10":{"name":"(anonymous_10)","decl":{"start":{"line":90,"column":27},"end":{"line":90,"column":28}},"loc":{"start":{"line":90,"column":46},"end":{"line":109,"column":9}},"line":90},"11":{"name":"(anonymous_11)","decl":{"start":{"line":98,"column":58},"end":{"line":98,"column":59}},"loc":{"start":{"line":98,"column":75},"end":{"line":101,"column":17}},"line":98},"12":{"name":"(anonymous_12)","decl":{"start":{"line":111,"column":4},"end":{"line":111,"column":5}},"loc":{"start":{"line":111,"column":61},"end":{"line":145,"column":5}},"line":111},"13":{"name":"(anonymous_13)","decl":{"start":{"line":112,"column":27},"end":{"line":112,"column":28}},"loc":{"start":{"line":112,"column":46},"end":{"line":144,"column":9}},"line":112}},"branchMap":{"0":{"loc":{"start":{"line":39,"column":20},"end":{"line":41,"column":21}},"type":"if","locations":[{"start":{"line":39,"column":20},"end":{"line":41,"column":21}},{"start":{},"end":{}}],"line":39},"1":{"loc":{"start":{"line":70,"column":20},"end":{"line":72,"column":21}},"type":"if","locations":[{"start":{"line":70,"column":20},"end":{"line":72,"column":21}},{"start":{},"end":{}}],"line":70},"2":{"loc":{"start":{"line":123,"column":16},"end":{"line":137,"column":17}},"type":"if","locations":[{"start":{"line":123,"column":16},"end":{"line":137,"column":17}},{"start":{"line":128,"column":21},"end":{"line":137,"column":17}}],"line":123},"3":{"loc":{"start":{"line":123,"column":20},"end":{"line":123,"column":72}},"type":"binary-expr","locations":[{"start":{"line":123,"column":20},"end":{"line":123,"column":45}},{"start":{"line":123,"column":49},"end":{"line":123,"column":72}}],"line":123},"4":{"loc":{"start":{"line":130,"column":20},"end":{"line":132,"column":21}},"type":"if","locations":[{"start":{"line":130,"column":20},"end":{"line":132,"column":21}},{"start":{},"end":{}}],"line":130},"5":{"loc":{"start":{"line":133,"column":20},"end":{"line":135,"column":21}},"type":"if","locations":[{"start":{"line":133,"column":20},"end":{"line":135,"column":21}},{"start":{},"end":{}}],"line":133}},"s":{"0":0,"1":0,"2":0,"3":0,"4":0,"5":0,"6":0,"7":0,"8":0,"9":0,"10":0,"11":0,"12":0,"13":0,"14":0,"15":0,"16":0,"17":0,"18":0,"19":0,"20":0,"21":0,"22":0,"23":0,"24":0,"25":0,"26":0,"27":0,"28":0,"29":0,"30":0,"31":0,"32":0,"33":0,"34":0,"35":0,"36":0,"37":0,"38":0,"39":0,"40":0,"41":0,"42":0,"43":0,"44":0,"45":0,"46":0,"47":0,"48":0,"49":0,"50":0,"51":0,"52":0,"53":0,"54":0,"55":0,"56":0,"57":0,"58":0,"59":0,"60":0,"61":0,"62":0,"63":0,"64":0,"65":0,"66":0,"67":0,"68":0,"69":0,"70":0,"71":0,"72":0,"73":0,"74":0,"75":0,"76":0,"77":0,"78":0,"79":0,"80":0,"81":0,"82":0,"83":0,"84":0,"85":0,"86":0,"87":0,"88":0,"89":0,"90":0,"91":0,"92":0,"93":0,"94":0,"95":0,"96":0,"97":0,"98":0,"99":0,"100":0,"101":0},"f":{"0":0,"1":0,"2":0,"3":0,"4":0,"5":0,"6":0,"7":0,"8":0,"9":0,"10":0,"11":0,"12":0,"13":0},"b":{"0":[0,0],"1":[0,0],"2":[0,0],"3":[0,0],"4":[0,0],"5":[0,0]},"inputSourceMap":null}
}
