TN:
SF:src/constants.ts
FNF:0
FNH:0
DA:2,1
DA:3,1
DA:5,1
DA:6,1
DA:7,1
DA:8,1
DA:9,1
DA:10,1
DA:11,1
DA:12,1
DA:13,1
DA:14,1
DA:15,1
DA:16,1
DA:17,1
LF:15
LH:15
BRF:0
BRH:0
end_of_record
TN:
SF:src/index.ts
FN:19,(anonymous_0)
FN:31,(anonymous_1)
FN:48,(anonymous_2)
FN:58,(anonymous_3)
FN:75,(anonymous_4)
FN:86,(anonymous_5)
FN:100,(anonymous_6)
FN:111,(anonymous_7)
FN:125,(anonymous_8)
FN:136,(anonymous_9)
FN:150,(anonymous_10)
FN:161,(anonymous_11)
FN:175,(anonymous_12)
FN:184,(anonymous_13)
FN:208,(anonymous_14)
FN:218,(anonymous_15)
FN:232,(anonymous_16)
FN:240,(anonymous_17)
FN:256,(anonymous_18)
FN:259,(anonymous_19)
FN:274,(anonymous_20)
FN:279,(anonymous_21)
FNF:22
FNH:0
FNDA:0,(anonymous_0)
FNDA:0,(anonymous_1)
FNDA:0,(anonymous_2)
FNDA:0,(anonymous_3)
FNDA:0,(anonymous_4)
FNDA:0,(anonymous_5)
FNDA:0,(anonymous_6)
FNDA:0,(anonymous_7)
FNDA:0,(anonymous_8)
FNDA:0,(anonymous_9)
FNDA:0,(anonymous_10)
FNDA:0,(anonymous_11)
FNDA:0,(anonymous_12)
FNDA:0,(anonymous_13)
FNDA:0,(anonymous_14)
FNDA:0,(anonymous_15)
FNDA:0,(anonymous_16)
FNDA:0,(anonymous_17)
FNDA:0,(anonymous_18)
FNDA:0,(anonymous_19)
FNDA:0,(anonymous_20)
FNDA:0,(anonymous_21)
DA:2,0
DA:3,0
DA:4,0
DA:5,0
DA:6,0
DA:7,0
DA:8,0
DA:9,0
DA:13,0
DA:20,0
DA:21,0
DA:22,0
DA:23,0
DA:24,0
DA:32,0
DA:33,0
DA:42,0
DA:49,0
DA:59,0
DA:60,0
DA:69,0
DA:76,0
DA:87,0
DA:88,0
DA:94,0
DA:101,0
DA:112,0
DA:113,0
DA:119,0
DA:126,0
DA:137,0
DA:138,0
DA:144,0
DA:151,0
DA:162,0
DA:163,0
DA:169,0
DA:176,0
DA:185,0
DA:192,0
DA:193,0
DA:202,0
DA:209,0
DA:219,0
DA:220,0
DA:226,0
DA:233,0
DA:242,0
DA:243,0
DA:250,0
DA:257,0
DA:260,0
DA:261,0
DA:262,0
DA:268,0
DA:275,0
DA:276,0
DA:277,0
DA:280,0
DA:281,0
DA:282,0
DA:291,0
LF:62
LH:0
BRDA:49,0,0,0
BRDA:49,0,1,0
BRDA:76,1,0,0
BRDA:76,1,1,0
BRDA:101,2,0,0
BRDA:101,2,1,0
BRDA:126,3,0,0
BRDA:126,3,1,0
BRDA:151,4,0,0
BRDA:151,4,1,0
BRDA:176,5,0,0
BRDA:176,5,1,0
BRDA:209,6,0,0
BRDA:209,6,1,0
BRDA:209,6,2,0
BRF:15
BRH:0
end_of_record
TN:
SF:src/alphavantage/AlphavantageClient.ts
FN:2,(anonymous_0)
FN:9,(anonymous_1)
FN:15,(anonymous_2)
FN:23,(anonymous_3)
FN:44,(anonymous_4)
FN:71,(anonymous_5)
FN:72,(anonymous_6)
FN:106,(anonymous_7)
FN:107,(anonymous_8)
FN:157,(anonymous_9)
FN:158,(anonymous_10)
FN:188,(anonymous_11)
FN:189,(anonymous_12)
FNF:13
FNH:11
FNDA:1,(anonymous_0)
FNDA:10,(anonymous_1)
FNDA:0,(anonymous_2)
FNDA:0,(anonymous_3)
FNDA:1,(anonymous_4)
FNDA:2,(anonymous_5)
FNDA:2,(anonymous_6)
FNDA:1,(anonymous_7)
FNDA:1,(anonymous_8)
FNDA:2,(anonymous_9)
FNDA:2,(anonymous_10)
FNDA:5,(anonymous_11)
FNDA:5,(anonymous_12)
DA:2,1
DA:3,1
DA:5,1
DA:6,1
DA:7,1
DA:15,10
DA:16,0
DA:17,0
DA:18,0
DA:19,0
DA:20,0
DA:21,0
DA:22,0
DA:23,0
DA:24,0
DA:25,0
DA:26,0
DA:27,0
DA:37,0
DA:44,10
DA:45,1
DA:57,1
DA:59,10
DA:60,10
DA:61,10
DA:62,10
DA:72,2
DA:73,2
DA:74,2
DA:75,2
DA:76,1
DA:77,1
DA:78,1
DA:79,1
DA:80,1
DA:93,0
DA:97,1
DA:107,1
DA:108,1
DA:109,1
DA:110,1
DA:111,1
DA:112,0
DA:113,0
DA:114,0
DA:115,0
DA:116,0
DA:117,0
DA:118,0
DA:119,0
DA:120,0
DA:121,0
DA:122,0
DA:123,0
DA:124,0
DA:125,0
DA:126,0
DA:129,0
DA:133,0
DA:135,0
DA:137,0
DA:143,0
DA:144,0
DA:148,1
DA:158,2
DA:159,2
DA:160,2
DA:161,2
DA:162,1
DA:163,1
DA:164,1
DA:165,1
DA:166,1
DA:167,1
DA:168,1
DA:169,1
DA:170,1
DA:171,1
DA:174,0
DA:175,0
DA:179,1
DA:189,5
DA:190,5
DA:191,5
DA:192,5
DA:193,5
DA:194,5
DA:195,5
DA:196,5
DA:197,5
DA:198,5
DA:199,5
DA:200,5
DA:201,5
DA:202,5
DA:204,2
DA:209,3
DA:210,0
DA:211,0
DA:212,0
DA:218,3
DA:219,0
DA:220,0
DA:221,0
DA:228,3
DA:236,1
LF:106
LH:63
BRDA:2,0,0,1
BRDA:2,0,1,1
BRDA:2,0,2,1
BRDA:3,1,0,0
BRDA:3,1,1,1
BRDA:3,2,0,1
BRDA:3,2,1,1
BRDA:76,3,0,1
BRDA:76,3,1,0
BRDA:112,4,0,0
BRDA:112,4,1,0
BRDA:121,5,0,0
BRDA:121,5,1,0
BRDA:123,6,0,0
BRDA:123,6,1,0
BRDA:124,7,0,0
BRDA:124,7,1,0
BRDA:163,8,0,1
BRDA:163,8,1,0
BRDA:202,9,0,2
BRDA:202,9,1,3
BRDA:202,10,0,5
BRDA:202,10,1,4
BRDA:209,11,0,0
BRDA:209,11,1,3
BRDA:211,12,0,0
BRDA:211,12,1,0
BRDA:218,13,0,0
BRDA:218,13,1,3
BRDA:220,14,0,0
BRDA:220,14,1,0
BRF:31
BRH:14
end_of_record
TN:
SF:src/alphavantage/AlphavantageCurrencyListProvider.ts
FN:2,(anonymous_0)
FN:9,(anonymous_1)
FN:18,(anonymous_2)
FN:25,(anonymous_3)
FN:26,(anonymous_4)
FN:45,(anonymous_5)
FN:46,(anonymous_6)
FN:51,(anonymous_7)
FN:62,(anonymous_8)
FN:72,(anonymous_9)
FN:79,(anonymous_10)
FN:88,(anonymous_11)
FN:104,(anonymous_12)
FNF:13
FNH:2
FNDA:1,(anonymous_0)
FNDA:1,(anonymous_1)
FNDA:0,(anonymous_2)
FNDA:0,(anonymous_3)
FNDA:0,(anonymous_4)
FNDA:0,(anonymous_5)
FNDA:0,(anonymous_6)
FNDA:0,(anonymous_7)
FNDA:0,(anonymous_8)
FNDA:0,(anonymous_9)
FNDA:0,(anonymous_10)
FNDA:0,(anonymous_11)
FNDA:0,(anonymous_12)
DA:2,1
DA:3,1
DA:5,1
DA:6,1
DA:7,1
DA:10,1
DA:11,1
DA:12,1
DA:19,0
DA:26,0
DA:27,0
DA:28,0
DA:29,0
DA:30,0
DA:33,0
DA:37,0
DA:46,0
DA:47,0
DA:48,0
DA:49,0
DA:50,0
DA:51,0
DA:52,0
DA:54,0
DA:57,0
DA:61,0
DA:62,0
DA:63,0
DA:65,0
DA:73,0
DA:74,0
DA:80,0
DA:81,0
DA:82,0
DA:85,0
DA:86,0
DA:87,0
DA:88,0
DA:89,0
DA:90,0
DA:92,0
DA:94,0
DA:99,0
DA:105,0
DA:106,0
DA:107,0
DA:108,0
DA:109,0
DA:112,0
DA:116,1
LF:50
LH:9
BRDA:2,0,0,1
BRDA:2,0,1,1
BRDA:2,0,2,1
BRDA:3,1,0,0
BRDA:3,1,1,1
BRDA:3,2,0,1
BRDA:3,2,1,1
BRDA:27,3,0,0
BRDA:27,3,1,0
BRDA:29,4,0,0
BRDA:29,4,1,0
BRDA:47,5,0,0
BRDA:47,5,1,0
BRDA:49,6,0,0
BRDA:49,6,1,0
BRDA:81,7,0,0
BRDA:81,7,1,0
BRDA:90,8,0,0
BRDA:90,8,1,0
BRDA:90,9,0,0
BRDA:90,9,1,0
BRDA:92,10,0,0
BRDA:92,10,1,0
BRDA:92,11,0,0
BRDA:92,11,1,0
BRDA:106,12,0,0
BRDA:106,12,1,0
BRF:27
BRH:6
end_of_record
TN:
SF:src/util/SpeechFactory.ts
FN:7,(anonymous_0)
FN:12,(anonymous_1)
FN:13,(anonymous_2)
FN:27,(anonymous_3)
FN:28,(anonymous_4)
FN:45,(anonymous_5)
FN:58,(anonymous_6)
FN:59,(anonymous_7)
FN:76,(anonymous_8)
FN:89,(anonymous_9)
FN:90,(anonymous_10)
FN:98,(anonymous_11)
FN:111,(anonymous_12)
FN:112,(anonymous_13)
FNF:14
FNH:0
FNDA:0,(anonymous_0)
FNDA:0,(anonymous_1)
FNDA:0,(anonymous_2)
FNDA:0,(anonymous_3)
FNDA:0,(anonymous_4)
FNDA:0,(anonymous_5)
FNDA:0,(anonymous_6)
FNDA:0,(anonymous_7)
FNDA:0,(anonymous_8)
FNDA:0,(anonymous_9)
FNDA:0,(anonymous_10)
FNDA:0,(anonymous_11)
FNDA:0,(anonymous_12)
FNDA:0,(anonymous_13)
DA:2,0
DA:3,0
DA:4,0
DA:5,0
DA:8,0
DA:9,0
DA:10,0
DA:13,0
DA:14,0
DA:15,0
DA:16,0
DA:17,0
DA:18,0
DA:19,0
DA:22,0
DA:23,0
DA:28,0
DA:29,0
DA:30,0
DA:31,0
DA:32,0
DA:33,0
DA:34,0
DA:35,0
DA:36,0
DA:37,0
DA:38,0
DA:39,0
DA:40,0
DA:43,0
DA:44,0
DA:45,0
DA:46,0
DA:47,0
DA:49,0
DA:50,0
DA:53,0
DA:54,0
DA:59,0
DA:60,0
DA:61,0
DA:62,0
DA:63,0
DA:64,0
DA:65,0
DA:66,0
DA:67,0
DA:68,0
DA:69,0
DA:70,0
DA:71,0
DA:74,0
DA:75,0
DA:76,0
DA:77,0
DA:78,0
DA:80,0
DA:81,0
DA:84,0
DA:85,0
DA:90,0
DA:91,0
DA:92,0
DA:93,0
DA:94,0
DA:95,0
DA:96,0
DA:97,0
DA:98,0
DA:99,0
DA:100,0
DA:102,0
DA:103,0
DA:106,0
DA:107,0
DA:112,0
DA:113,0
DA:114,0
DA:115,0
DA:116,0
DA:117,0
DA:118,0
DA:119,0
DA:120,0
DA:121,0
DA:122,0
DA:123,0
DA:124,0
DA:125,0
DA:126,0
DA:129,0
DA:130,0
DA:131,0
DA:133,0
DA:134,0
DA:136,0
DA:138,0
DA:141,0
DA:142,0
DA:147,0
LF:100
LH:0
BRDA:39,0,0,0
BRDA:39,0,1,0
BRDA:70,1,0,0
BRDA:70,1,1,0
BRDA:123,2,0,0
BRDA:123,2,1,0
BRDA:123,3,0,0
BRDA:123,3,1,0
BRDA:130,4,0,0
BRDA:130,4,1,0
BRDA:133,5,0,0
BRDA:133,5,1,0
BRF:12
BRH:0
end_of_record
